Build started 15/11/2009 2:12:10 PM.
     1>Project "D:\Business\Development\Konnetic\UnifySipApi\Production\Src\Konnetic Unify SIP API\Konnetic.Sip\Konnetic.Sip.csproj" on node 0 (Build target(s)).
     1>Building with tools version "3.5".
     1>Target "_CheckForInvalidConfigurationAndPlatform" in file "c:\Windows\Microsoft.NET\Framework\v3.5\Microsoft.Common.targets" from project "D:\Business\Development\Konnetic\UnifySipApi\Production\Src\Konnetic Unify SIP API\Konnetic.Sip\Konnetic.Sip.csproj":
       Task "Error" skipped, due to false condition; ( '$(_InvalidConfigurationError)' == 'true' ) was evaluated as ( '' == 'true' ).
       Task "Warning" skipped, due to false condition; ( '$(_InvalidConfigurationWarning)' == 'true' ) was evaluated as ( '' == 'true' ).
       Using "Message" task from assembly "Microsoft.Build.Tasks.v3.5, Version=3.5.0.0, Culture=neutral, PublicKeyToken=b03f5f7f11d50a3a".
       Task "Message"
         Configuration=Release
       Done executing task "Message".
       Task "Message"
         Platform=AnyCPU
       Done executing task "Message".
       Task "Error" skipped, due to false condition; ('$(OutDir)' != '' and !HasTrailingSlash('$(OutDir)')) was evaluated as ('bin\Release\' != '' and !HasTrailingSlash('bin\Release\')).
       Task "Error" skipped, due to false condition; ('$(BaseIntermediateOutputPath)' != '' and !HasTrailingSlash('$(BaseIntermediateOutputPath)')) was evaluated as ('obj\' != '' and !HasTrailingSlash('obj\')).
       Task "Error" skipped, due to false condition; ('$(IntermediateOutputPath)' != '' and !HasTrailingSlash('$(IntermediateOutputPath)')) was evaluated as ('obj\Release\' != '' and !HasTrailingSlash('obj\Release\')).
     1>Done building target "_CheckForInvalidConfigurationAndPlatform" in project "Konnetic.Sip.csproj".
     1>Target "GetFrameworkPaths" in file "c:\Windows\Microsoft.NET\Framework\v3.5\Microsoft.Common.targets" from project "D:\Business\Development\Konnetic\UnifySipApi\Production\Src\Konnetic Unify SIP API\Konnetic.Sip\Konnetic.Sip.csproj":
       Using "GetFrameworkPath" task from assembly "Microsoft.Build.Tasks.v3.5, Version=3.5.0.0, Culture=neutral, PublicKeyToken=b03f5f7f11d50a3a".
       Task "GetFrameworkPath"
       Done executing task "GetFrameworkPath".
       Using "GetFrameworkSdkPath" task from assembly "Microsoft.Build.Tasks.v3.5, Version=3.5.0.0, Culture=neutral, PublicKeyToken=b03f5f7f11d50a3a".
       Task "GetFrameworkSdkPath"
         Found the Microsoft Windows SDK installed at "C:\Program Files\Microsoft SDKs\Windows\v6.0A\".
       Done executing task "GetFrameworkSdkPath".
     1>Done building target "GetFrameworkPaths" in project "Konnetic.Sip.csproj".
     1>Target "PrepareForBuild" in file "c:\Windows\Microsoft.NET\Framework\v3.5\Microsoft.Common.targets" from project "D:\Business\Development\Konnetic\UnifySipApi\Production\Src\Konnetic Unify SIP API\Konnetic.Sip\Konnetic.Sip.csproj":
       Using "FindAppConfigFile" task from assembly "Microsoft.Build.Tasks.v3.5, Version=3.5.0.0, Culture=neutral, PublicKeyToken=b03f5f7f11d50a3a".
       Task "FindAppConfigFile"
         Found "app.config".
       Done executing task "FindAppConfigFile".
       Using "MakeDir" task from assembly "Microsoft.Build.Tasks.v3.5, Version=3.5.0.0, Culture=neutral, PublicKeyToken=b03f5f7f11d50a3a".
       Task "MakeDir"
       Done executing task "MakeDir".
     1>Done building target "PrepareForBuild" in project "Konnetic.Sip.csproj".
       Target "PreBuildEvent" skipped, due to false condition; ('$(PreBuildEvent)'!='') was evaluated as (''!='').
       Target "SplitProjectReferencesByType" skipped, due to false condition; ('@(ProjectReference)'!='') was evaluated as (''!='').
       Target "SplitProjectReferencesByType" skipped, due to false condition; ('@(ProjectReference)'!='') was evaluated as (''!='').
     1>Target "_SplitProjectReferencesByFileExistence" in file "c:\Windows\Microsoft.NET\Framework\v3.5\Microsoft.Common.targets" from project "D:\Business\Development\Konnetic\UnifySipApi\Production\Src\Konnetic Unify SIP API\Konnetic.Sip\Konnetic.Sip.csproj":
       Task "ResolveNonMSBuildProjectOutput" skipped, due to false condition; ('$(BuildingInsideVisualStudio)'=='true' and '@(NonVCProjectReference)'!='') was evaluated as (''=='true' and ''!='').
     1>Done building target "_SplitProjectReferencesByFileExistence" in project "Konnetic.Sip.csproj".
     1>Target "ResolveProjectReferences" in file "c:\Windows\Microsoft.NET\Framework\v3.5\Microsoft.Common.targets" from project "D:\Business\Development\Konnetic\UnifySipApi\Production\Src\Konnetic Unify SIP API\Konnetic.Sip\Konnetic.Sip.csproj":
       Task "MSBuild" skipped, due to false condition; ('@(NonVCProjectReference)'!='' and ('$(BuildingSolutionFile)' == 'true' or '$(BuildingInsideVisualStudio)' == 'true' or '$(BuildProjectReferences)' != 'true') and '@(_MSBuildProjectReferenceExistent)' != '') was evaluated as (''!='' and ('' == 'true' or '' == 'true' or 'true' != 'true') and '' != '').
       Task "MSBuild" skipped, due to false condition; ('@(NonVCProjectReference)'!='' and '$(BuildingInsideVisualStudio)' != 'true' and '$(BuildingSolutionFile)' != 'true' and '$(BuildProjectReferences)' == 'true' and '@(_MSBuildProjectReferenceExistent)' != '') was evaluated as (''!='' and '' != 'true' and '' != 'true' and 'true' == 'true' and '' != '').
       Task "MSBuild" skipped, due to false condition; ('@(NonVCProjectReference)'!='' and '$(BuildingProject)'=='true' and '@(_MSBuildProjectReferenceExistent)'!='') was evaluated as (''!='' and 'true'=='true' and ''!='').
       Task "Warning" skipped, due to false condition; ('@(NonVCProjectReference)'!='' and '@(_MSBuildProjectReferenceNonexistent)'!='') was evaluated as (''!='' and ''!='').
     1>Done building target "ResolveProjectReferences" in project "Konnetic.Sip.csproj".
       Target "SplitProjectReferencesByType" skipped, due to false condition; ('@(ProjectReference)'!='') was evaluated as (''!='').
     1>Target "ResolveVCProjectReferences" in file "c:\Windows\Microsoft.NET\Framework\v3.5\Microsoft.Common.targets" from project "D:\Business\Development\Konnetic\UnifySipApi\Production\Src\Konnetic Unify SIP API\Konnetic.Sip\Konnetic.Sip.csproj":
       Task "ResolveNonMSBuildProjectOutput" skipped, due to false condition; ('$(BuildingInsideVisualStudio)'=='true' and '@(VCProjectReference)'!='') was evaluated as (''=='true' and ''!='').
       Task "ResolveVCProjectOutput" skipped, due to false condition; ('$(BuildingSolutionFile)'=='true' and '@(VCProjectReference)'!='') was evaluated as (''=='true' and ''!='').
       Task "Error" skipped, due to false condition; ('$(BuildingSolutionFile)'!='true' and '$(BuildingInsideVisualStudio)'!='true' and '@(VCProjectReference)'!='') was evaluated as (''!='true' and ''!='true' and ''!='').
     1>Done building target "ResolveVCProjectReferences" in project "Konnetic.Sip.csproj".
       Target "ResolveNativeReferences" skipped, due to false condition; ('@(NativeReference)'!='') was evaluated as (''!='').
       Target "GetFrameworkPaths" skipped. Previously built successfully.
       Target "PrepareForBuild" skipped. Previously built successfully.
     1>Target "ResolveAssemblyReferences" in file "c:\Windows\Microsoft.NET\Framework\v3.5\Microsoft.Common.targets" from project "D:\Business\Development\Konnetic\UnifySipApi\Production\Src\Konnetic Unify SIP API\Konnetic.Sip\Konnetic.Sip.csproj":
       Using "ResolveAssemblyReference" task from assembly "Microsoft.Build.Tasks.v3.5, Version=3.5.0.0, Culture=neutral, PublicKeyToken=b03f5f7f11d50a3a".
       Task "ResolveAssemblyReference"
         Assemblies:
             System
         AssemblyFiles:
         CandidateAssemblyFiles:
         TargetFrameworkDirectories:
             C:\Windows\Microsoft.NET\Framework\v2.0.50727
         InstalledAssemblyTables:
         IgnoreInstalledAssemblyTable:
             False
         SearchPaths:
             {CandidateAssemblyFiles}
             {HintPathFromItem}
             {TargetFrameworkDirectory}
             {Registry:Software\Microsoft\.NetFramework,v2.0,AssemblyFoldersEx}
             {AssemblyFolders}
             {GAC}
             {RawFileName}
             bin\Release\
         AllowedAssemblyExtensions:
             .exe
             .dll
         AllowedRelatedFileExtensions:
             .pdb
             .xml
         AppConfigFile:
             
         AutoUnify:
             True
         TargetProcessorArchitecture:
             
         StateFile:
             obj\Release\ResolveAssemblyReference.cache
         InstalledAssemblySubsetTables:
         IgnoreInstalledAssemblySubsetTable:
             False
         TargetFrameworkSubsets:
         FullTargetFrameworkSubsetNames:
             Full
         No TargetFramework subset exclusion list will be generated. No TargetFrameworkSubsets were provided and no additional subset files were passed in to InstalledAssemblySubsetTables.
         Primary reference "System, Version=2.0.0.0, Culture=neutral, PublicKeyToken=b77a5c561934e089".
             Resolved file path is "C:\Windows\Microsoft.NET\Framework\v2.0.50727\System.dll".
             Reference found at search path location "{TargetFrameworkDirectory}".
                 For SearchPath "{TargetFrameworkDirectory}".
                 Considered "C:\Windows\Microsoft.NET\Framework\v2.0.50727\System.exe", but it didn't exist.
             This reference is not "CopyLocal" because it's a prerequisite file.
       Done executing task "ResolveAssemblyReference".
     1>Done building target "ResolveAssemblyReferences" in project "Konnetic.Sip.csproj".
       Target "ResolveComReferences" skipped, due to false condition; ('@(COMReference)'!='' or '@(COMFileReference)'!='') was evaluated as (''!='' or ''!='').
       Target "ResolveTestReferences" skipped, due to false condition; ('@(Shadow)'!='') was evaluated as (''!='').
     1>Target "AssignTargetPaths" in file "c:\Windows\Microsoft.NET\Framework\v3.5\Microsoft.Common.targets" from project "D:\Business\Development\Konnetic\UnifySipApi\Production\Src\Konnetic Unify SIP API\Konnetic.Sip\Konnetic.Sip.csproj":
       Using "AssignTargetPath" task from assembly "Microsoft.Build.Tasks.v3.5, Version=3.5.0.0, Culture=neutral, PublicKeyToken=b03f5f7f11d50a3a".
       Task "AssignTargetPath"
       Done executing task "AssignTargetPath".
       Task "AssignTargetPath"
       Done executing task "AssignTargetPath".
       Task "AssignTargetPath"
       Done executing task "AssignTargetPath".
       Task "AssignTargetPath"
       Done executing task "AssignTargetPath".
       Task "AssignTargetPath" skipped, due to false condition; ('@(_DeploymentBaseManifestWithTargetPath)'=='' and '%(None.Extension)'=='.manifest') was evaluated as (''=='' and '.config'=='.manifest').
       Task "AssignTargetPath" skipped, due to false condition; ('@(_DeploymentBaseManifestWithTargetPath)'=='' and '%(None.Extension)'=='.manifest') was evaluated as (''=='' and '.targets'=='.manifest').
       Task "AssignTargetPath" skipped, due to false condition; ('@(_DeploymentBaseManifestWithTargetPath)'=='' and '%(None.Extension)'=='.manifest') was evaluated as (''=='' and '.cd'=='.manifest').
       Task "AssignTargetPath" skipped, due to false condition; ('@(_DeploymentBaseManifestWithTargetPath)'=='' and '%(None.Extension)'=='.manifest') was evaluated as (''=='' and '.pfx'=='.manifest').
     1>Done building target "AssignTargetPaths" in project "Konnetic.Sip.csproj".
       Target "AssignTargetPaths" skipped. Previously built successfully.
     1>Target "SplitResourcesByCulture" in file "c:\Windows\Microsoft.NET\Framework\v3.5\Microsoft.Common.targets" from project "D:\Business\Development\Konnetic\UnifySipApi\Production\Src\Konnetic Unify SIP API\Konnetic.Sip\Konnetic.Sip.csproj":
       Task "Warning" skipped, due to false condition; ('@(ResxWithNoCulture)'!='') was evaluated as (''!='').
       Task "Warning" skipped, due to false condition; ('@(ResxWithCulture)'!='') was evaluated as (''!='').
       Task "Warning" skipped, due to false condition; ('@(NonResxWithCulture)'!='') was evaluated as (''!='').
       Task "Warning" skipped, due to false condition; ('@(NonResxWithNoCulture)'!='') was evaluated as (''!='').
       Using "AssignCulture" task from assembly "Microsoft.Build.Tasks.v3.5, Version=3.5.0.0, Culture=neutral, PublicKeyToken=b03f5f7f11d50a3a".
       Task "AssignCulture"
         Culture of "" was assigned to file "Resources\Konnetic.Sip.resx".
       Done executing task "AssignCulture".
     1>Done building target "SplitResourcesByCulture" in project "Konnetic.Sip.csproj".
     1>Target "CreateManifestResourceNames" in file "c:\Windows\Microsoft.NET\Framework\v3.5\Microsoft.CSharp.targets" from project "D:\Business\Development\Konnetic\UnifySipApi\Production\Src\Konnetic Unify SIP API\Konnetic.Sip\Konnetic.Sip.csproj":
       Using "CreateCSharpManifestResourceName" task from assembly "Microsoft.Build.Tasks.v3.5, Version=3.5.0.0, Culture=neutral, PublicKeyToken=b03f5f7f11d50a3a".
       Task "CreateCSharpManifestResourceName"
         Root namespace is 'Konnetic.Sip'.
         Resource file 'Resources\Konnetic.Sip.resx' doesn't depend on any other file.
         Resource file 'Resources\Konnetic.Sip.resx' gets manifest resource name 'Konnetic.Sip.Resources.Konnetic.Sip'.
       Done executing task "CreateCSharpManifestResourceName".
       Task "CreateCSharpManifestResourceName" skipped, due to false condition; ('%(EmbeddedResource.ManifestResourceName)' == '' and '%(EmbeddedResource.WithCulture)' == 'true' and '%(EmbeddedResource.Type)' == 'Non-Resx') was evaluated as ('' == '' and 'false' == 'true' and 'Resx' == 'Non-Resx').
     1>Done building target "CreateManifestResourceNames" in project "Konnetic.Sip.csproj".
       Target "ResolveAssemblyReferences" skipped. Previously built successfully.
       Target "SplitResourcesByCulture" skipped. Previously built successfully.
     1>Target "CoreResGen" in file "c:\Windows\Microsoft.NET\Framework\v3.5\Microsoft.Common.targets" from project "D:\Business\Development\Konnetic\UnifySipApi\Production\Src\Konnetic Unify SIP API\Konnetic.Sip\Konnetic.Sip.csproj":
       Using "GenerateResource" task from assembly "Microsoft.Build.Tasks.v3.5, Version=3.5.0.0, Culture=neutral, PublicKeyToken=b03f5f7f11d50a3a".
       Task "GenerateResource"
         No resources are out of date with respect to their source files. Skipping resource generation.
       Done executing task "GenerateResource".
     1>Done building target "CoreResGen" in project "Konnetic.Sip.csproj".
       Target "CompileLicxFiles" skipped, due to false condition; ('@(_LicxFile)'!='') was evaluated as (''!='').
     1>Target "PrepareRdlFiles" in file "C:\Program Files (x86)\MSBuild\Microsoft\VisualStudio\v9.0\ReportingServices\Microsoft.ReportingServices.targets" from project "D:\Business\Development\Konnetic\UnifySipApi\Production\Src\Konnetic Unify SIP API\Konnetic.Sip\Konnetic.Sip.csproj":
       Task "CreateItem" skipped, due to false condition; ('%(Extension)'=='.rdlc') was evaluated as ('.resx'=='.rdlc').
     1>Done building target "PrepareRdlFiles" in project "Konnetic.Sip.csproj".
       Target "RunRdlCompiler" skipped, due to false condition; ('@(RdlFile)'!='') was evaluated as (''!='').
       Target "ResolveKeySource" skipped, due to false condition; ($(SignManifests) == 'true' or $(SignAssembly) == 'true') was evaluated as ( == 'true' or false == 'true').
       Target "ResolveReferences" skipped. Previously built successfully.
       Target "ResolveKeySource" skipped, due to false condition; ($(SignManifests) == 'true' or $(SignAssembly) == 'true') was evaluated as ( == 'true' or false == 'true').
       Target "ResolveComReferences" skipped, due to false condition; ('@(COMReference)'!='' or '@(COMFileReference)'!='') was evaluated as (''!='' or ''!='').
       Target "ResolveNativeReferences" skipped, due to false condition; ('@(NativeReference)'!='') was evaluated as (''!='').
       Target "_SetExternalWin32ManifestProperties" skipped, due to false condition; ('$(GenerateClickOnceManifests)'=='true' or '@(NativeReference)'!='' or '@(ResolvedIsolatedComModules)'!='') was evaluated as (''=='true' or ''!='' or ''!='').
     1>Target "_SetEmbeddedWin32ManifestProperties" in file "c:\Windows\Microsoft.NET\Framework\v3.5\Microsoft.Common.targets" from project "D:\Business\Development\Konnetic\UnifySipApi\Production\Src\Konnetic Unify SIP API\Konnetic.Sip\Konnetic.Sip.csproj":
       Task "GetFrameworkPath"
       Done executing task "GetFrameworkPath".
     1>Done building target "_SetEmbeddedWin32ManifestProperties" in project "Konnetic.Sip.csproj".
     1>Target "_GenerateCompileInputs" in file "c:\Windows\Microsoft.NET\Framework\v3.5\Microsoft.Common.targets" from project "D:\Business\Development\Konnetic\UnifySipApi\Production\Src\Konnetic Unify SIP API\Konnetic.Sip\Konnetic.Sip.csproj":
       Task "Warning" skipped, due to false condition; ('@(ManifestResourceWithNoCulture)'!='' and '%(ManifestResourceWithNoCulture.EmittedForCompatibilityOnly)'=='') was evaluated as ('obj\Release\Konnetic.Sip.Resources.Konnetic.Sip.resources'!='' and 'true'=='').
       Task "Warning" skipped, due to false condition; ('@(ManifestNonResxWithNoCultureOnDisk)'!='' and '%(ManifestNonResxWithNoCultureOnDisk.EmittedForCompatibilityOnly)'=='') was evaluated as (''!='' and ''=='').
     1>Done building target "_GenerateCompileInputs" in project "Konnetic.Sip.csproj".
       Target "_TimeStampBeforeCompile" skipped, due to false condition; ('$(RunPostBuildEvent)'=='OnOutputUpdated' or ('$(RegisterForComInterop)'=='true' and '$(OutputType)'=='library')) was evaluated as (''=='OnOutputUpdated' or (''=='true' and 'Library'=='library')).
       Target "_ComputeNonExistentFileProperty" skipped, due to false condition; (
                   ('$(BuildingInsideVisualStudio)' == 'true')
                   and
                   (
                       ('$(BuildingProject)' == 'false')
                       or
                       ('$(UseHostCompilerIfAvailable)' == 'true')
                   )
                   ) was evaluated as (
                   ('' == 'true')
                   and
                   (
                       ('true' == 'false')
                       or
                       ('true' == 'true')
                   )
                   ).
     1>Target "CoreCompile" in file "c:\Windows\Microsoft.NET\Framework\v3.5\Microsoft.CSharp.targets" from project "D:\Business\Development\Konnetic\UnifySipApi\Production\Src\Konnetic Unify SIP API\Konnetic.Sip\Konnetic.Sip.csproj":
       Skipping target "CoreCompile" because all output files are up-to-date with respect to the input files.
       Input files: Message\FromHeaderField.cs;DialogState.cs;Resources\Konnetic.Sip.Designer.cs;Properties\AssemblyInfo.cs;UserAgent.cs;Message\RequestMessageFormatter.cs;Resources\SR.cs;TransactionUser.cs;CallSetupEventArgs.cs;Message\MessageFormatter.cs;Message\CacheHeaderFieldAttribute.cs;Message\SipMessage.cs;Methods\Invite.cs;Message\CallIdHeaderField.cs;SipStyleUriParser.cs;Konnetic.core.pfx;D:\Business\Development\Konnetic\UnifySipApi\Production\Src\Konnetic Unify SIP API\Konnetic.Sip\Konnetic.Sip.csproj;Message\HeaderFieldUbiety.cs;SipUri.cs;ClientTransaction.cs;UserAgentClient.cs;Message\HeaderField.cs;D:\Business\Development\Konnetic\UnifySipApi\Production\Src\Konnetic Unify SIP API\Konnetic.Sip\Konnetic.Sip.csproj.user;Dialog.cs;c:\Windows\Microsoft.NET\Framework\v3.5\Microsoft.Common.targets;Message\HeaderFieldFactory.cs;Exceptions\DuplicateHeaderFieldValueException.cs;UserAgentServer.cs;Message\HeaderFieldEventArgs.cs;Transport.cs;SipUriComponents.cs;Message\ToHeaderField.cs;Methods\SipMethod.cs;C:\Windows\Microsoft.NET\Framework\v2.0.50727\System.dll;c:\Windows\Microsoft.NET\Framework\v3.5\Microsoft.CSharp.targets;obj\Release\Konnetic.Sip.Resources.Konnetic.Sip.resources;Message\SipParameter.cs;Message\SipParameterCollection.cs;Methods\Request.cs
       Output files: obj\Release\Konnetic.Sip.dll
     1>Done building target "CoreCompile" in project "Konnetic.Sip.csproj".
       Target "_TimeStampAfterCompile" skipped, due to false condition; ('$(RunPostBuildEvent)'=='OnOutputUpdated' or ('$(RegisterForComInterop)'=='true' and '$(OutputType)'=='library')) was evaluated as (''=='OnOutputUpdated' or (''=='true' and 'Library'=='library')).
       Target "UnmanagedUnregistration" skipped, due to false condition; ((('$(_AssemblyTimestampBeforeCompile)' != '$(_AssemblyTimestampAfterCompile)' or '$(RegisterForComInterop)' != 'true' or '$(OutputType)' != 'library') or
                           ('$(_AssemblyTimestampBeforeCompile)' == '')) and
                          Exists('@(_UnmanagedRegistrationCache)')) was evaluated as ((('' != '' or '' != 'true' or 'Library' != 'library') or
                           ('' == '')) and
                          Exists('obj\Konnetic.Sip.csproj.UnmanagedRegistration.cache')).
       Target "GenerateSerializationAssemblies" skipped, due to false condition; ('$(_SGenGenerateSerializationAssembliesConfig)' == 'On' or ('@(WebReferenceUrl)'!='' and '$(_SGenGenerateSerializationAssembliesConfig)' == 'Auto')) was evaluated as ('Auto' == 'On' or (''!='' and 'Auto' == 'Auto')).
     1>Target "_GenerateSatelliteAssemblyInputs" in file "c:\Windows\Microsoft.NET\Framework\v3.5\Microsoft.Common.targets" from project "D:\Business\Development\Konnetic\UnifySipApi\Production\Src\Konnetic Unify SIP API\Konnetic.Sip\Konnetic.Sip.csproj":
       Task "Warning" skipped, due to false condition; ('@(ManifestResourceWithCulture)'!='' and '%(ManifestResourceWithCulture.EmittedForCompatibilityOnly)'=='') was evaluated as (''!='' and ''=='').
       Task "Warning" skipped, due to false condition; ('@(ManifestNonResxWithCultureOnDisk)'!='' and '%(ManifestNonResxWithCultureOnDisk.EmittedForCompatibilityOnly)'=='') was evaluated as (''!='' and ''=='').
     1>Done building target "_GenerateSatelliteAssemblyInputs" in project "Konnetic.Sip.csproj".
       Target "CreateManifestResourceNames" skipped. Previously built successfully.
       Target "GenerateSatelliteAssemblies" skipped, due to false condition; ('@(_SatelliteAssemblyResourceInputs)' != '') was evaluated as ('' != '').
       Target "GenerateManifests" skipped, due to false condition; ('$(GenerateClickOnceManifests)'=='true' or '@(NativeReference)'!='' or '@(ResolvedIsolatedComModules)'!='') was evaluated as (''=='true' or ''!='' or ''!='').
     1>Target "GetTargetPath" in file "c:\Windows\Microsoft.NET\Framework\v3.5\Microsoft.Common.targets" from project "D:\Business\Development\Konnetic\UnifySipApi\Production\Src\Konnetic Unify SIP API\Konnetic.Sip\Konnetic.Sip.csproj":
       Building target "GetTargetPath" completely.
       No input files were specified.
     1>Done building target "GetTargetPath" in project "Konnetic.Sip.csproj".
       Target "ComputeIntermediateSatelliteAssemblies" skipped. Previously built successfully.
     1>Target "_CopyFilesMarkedCopyLocal" in file "c:\Windows\Microsoft.NET\Framework\v3.5\Microsoft.Common.targets" from project "D:\Business\Development\Konnetic\UnifySipApi\Production\Src\Konnetic Unify SIP API\Konnetic.Sip\Konnetic.Sip.csproj":
       Using "Copy" task from assembly "Microsoft.Build.Tasks.v3.5, Version=3.5.0.0, Culture=neutral, PublicKeyToken=b03f5f7f11d50a3a".
       Task "Copy"
       Done executing task "Copy".
     1>Done building target "_CopyFilesMarkedCopyLocal" in project "Konnetic.Sip.csproj".
       Target "AssignTargetPaths" skipped. Previously built successfully.
       Target "_SplitProjectReferencesByFileExistence" skipped. Previously built successfully.
     1>Target "GetCopyToOutputDirectoryItems" in file "c:\Windows\Microsoft.NET\Framework\v3.5\Microsoft.Common.targets" from project "D:\Business\Development\Konnetic\UnifySipApi\Production\Src\Konnetic Unify SIP API\Konnetic.Sip\Konnetic.Sip.csproj":
       Task "MSBuild" skipped, due to false condition; ('@(_MSBuildProjectReferenceExistent)' != '' and '$(_GetChildProjectCopyToOutputDirectoryItems)' == 'true' and '%(_MSBuildProjectReferenceExistent.Private)' != 'false') was evaluated as ('' != '' and 'true' == 'true' and '' != 'false').
       Task "AssignTargetPath"
       Done executing task "AssignTargetPath".
     1>Done building target "GetCopyToOutputDirectoryItems" in project "Konnetic.Sip.csproj".
       Target "_CopyOutOfDateSourceItemsToOutputDirectory" skipped, due to false condition; ( '@(_SourceItemsToCopyToOutputDirectory)' != '' ) was evaluated as ( '' != '' ).
       Target "_CopyOutOfDateSourceItemsToOutputDirectoryAlways" skipped, due to false condition; ( '@(_SourceItemsToCopyToOutputDirectoryAlways)' != '' ) was evaluated as ( '' != '' ).
     1>Target "_CopyAppConfigFile" in file "c:\Windows\Microsoft.NET\Framework\v3.5\Microsoft.Common.targets" from project "D:\Business\Development\Konnetic\UnifySipApi\Production\Src\Konnetic Unify SIP API\Konnetic.Sip\Konnetic.Sip.csproj":
       Skipping target "_CopyAppConfigFile" because all output files are up-to-date with respect to the input files.
       Input files: app.config
       Output files: bin\Release\Konnetic.Sip.dll.config
     1>Done building target "_CopyAppConfigFile" in project "Konnetic.Sip.csproj".
       Target "_CopyManifestFiles" skipped, due to false condition; ( '$(_DeploymentCopyApplicationManifest)'=='true' or '$(GenerateClickOnceManifests)'=='true' ) was evaluated as ( ''=='true' or ''=='true' ).
       Target "_SGenCheckForOutputs" skipped, due to false condition; ('$(_SGenGenerateSerializationAssembliesConfig)' == 'On' or ('@(WebReferenceUrl)'!='' and '$(_SGenGenerateSerializationAssembliesConfig)' == 'Auto')) was evaluated as ('Auto' == 'On' or (''!='' and 'Auto' == 'Auto')).
     1>Target "CopyFilesToOutputDirectory" in file "c:\Windows\Microsoft.NET\Framework\v3.5\Microsoft.Common.targets" from project "D:\Business\Development\Konnetic\UnifySipApi\Production\Src\Konnetic Unify SIP API\Konnetic.Sip\Konnetic.Sip.csproj":
       Task "Copy"
         Did not copy from file "obj\Release\Konnetic.Sip.dll" to file "bin\Release\Konnetic.Sip.dll" because the "SkipUnchangedFiles" parameter was set to "true" in the project and the files' sizes and timestamps match.
       Done executing task "Copy".
       Task "Message"
         Konnetic.Sip -> D:\Business\Development\Konnetic\UnifySipApi\Production\Src\Konnetic Unify SIP API\Konnetic.Sip\bin\Release\Konnetic.Sip.dll
       Done executing task "Message".
       Task "Copy"
       Done executing task "Copy".
       Task "Copy" skipped, due to false condition; ('$(_SGenDllCreated)'=='true') was evaluated as ('false'=='true').
       Task "Copy" skipped, due to false condition; ('$(_DebugSymbolsProduced)'=='true' and '$(SkipCopyingSymbolsToOutputDirectory)' != 'true') was evaluated as ('false'=='true' and '' != 'true').
       Task "Copy" skipped, due to false condition; ('$(_DocumentationFileProduced)'=='true') was evaluated as ('false'=='true').
       Task "Copy"
       Done executing task "Copy".
       Task "Copy"
       Done executing task "Copy".
     1>Done building target "CopyFilesToOutputDirectory" in project "Konnetic.Sip.csproj".
       Target "RunCodeAnalysis" skipped, due to false condition; ('$(RunCodeAnalysis)'=='true' or '$(RunCodeAnalysisOnce)'=='true') was evaluated as (''=='true' or ''=='true').
       Target "UnmanagedRegistration" skipped, due to false condition; ('$(RegisterForComInterop)'=='true' and '$(OutputType)'=='library') was evaluated as (''=='true' and 'Library'=='library').
       Target "_CheckForCompileOutputs" skipped. Previously built successfully.
       Target "_SGenCheckForOutputs" skipped, due to false condition; ('$(_SGenGenerateSerializationAssembliesConfig)' == 'On' or ('@(WebReferenceUrl)'!='' and '$(_SGenGenerateSerializationAssembliesConfig)' == 'Auto')) was evaluated as ('Auto' == 'On' or (''!='' and 'Auto' == 'Auto')).
     1>Target "_CleanGetCurrentAndPriorFileWrites" in file "c:\Windows\Microsoft.NET\Framework\v3.5\Microsoft.Common.targets" from project "D:\Business\Development\Konnetic\UnifySipApi\Production\Src\Konnetic Unify SIP API\Konnetic.Sip\Konnetic.Sip.csproj":
       Using "ReadLinesFromFile" task from assembly "Microsoft.Build.Tasks.v3.5, Version=3.5.0.0, Culture=neutral, PublicKeyToken=b03f5f7f11d50a3a".
       Task "ReadLinesFromFile"
       Done executing task "ReadLinesFromFile".
       Using "ConvertToAbsolutePath" task from assembly "Microsoft.Build.Tasks.v3.5, Version=3.5.0.0, Culture=neutral, PublicKeyToken=b03f5f7f11d50a3a".
       Task "ConvertToAbsolutePath"
       Done executing task "ConvertToAbsolutePath".
       Using "FindUnderPath" task from assembly "Microsoft.Build.Tasks.v3.5, Version=3.5.0.0, Culture=neutral, PublicKeyToken=b03f5f7f11d50a3a".
       Task "FindUnderPath"
         Comparison path is "D:\Business\Development\Konnetic\UnifySipApi\Production\Src\Konnetic Unify SIP API\Konnetic.Sip".
       Done executing task "FindUnderPath".
       Task "FindUnderPath"
         Comparison path is "bin\Release\".
         Path "D:\Business\Development\Konnetic\UnifySipApi\Production\Src\Konnetic Unify SIP API\Konnetic.Sip\obj\Release\ResolveAssemblyReference.cache" is outside the comparison path.
         Path "D:\Business\Development\Konnetic\UnifySipApi\Production\Src\Konnetic Unify SIP API\Konnetic.Sip\obj\Release\Konnetic.Sip.Resources.Konnetic.Sip.resources" is outside the comparison path.
         Path "D:\Business\Development\Konnetic\UnifySipApi\Production\Src\Konnetic Unify SIP API\Konnetic.Sip\obj\Release\Konnetic.Sip.csproj.GenerateResource.Cache" is outside the comparison path.
         Path "D:\Business\Development\Konnetic\UnifySipApi\Production\Src\Konnetic Unify SIP API\Konnetic.Sip\bin\Release\Konnetic.Sip.dll.config" is inside the comparison path.
         Path "D:\Business\Development\Konnetic\UnifySipApi\Production\Src\Konnetic Unify SIP API\Konnetic.Sip\obj\Release\Konnetic.Sip.dll" is outside the comparison path.
         Path "D:\Business\Development\Konnetic\UnifySipApi\Production\Src\Konnetic Unify SIP API\Konnetic.Sip\bin\Release\Konnetic.Sip.dll" is inside the comparison path.
       Done executing task "FindUnderPath".
       Task "FindUnderPath"
         Comparison path is "obj\Release\".
         Path "D:\Business\Development\Konnetic\UnifySipApi\Production\Src\Konnetic Unify SIP API\Konnetic.Sip\obj\Release\ResolveAssemblyReference.cache" is inside the comparison path.
         Path "D:\Business\Development\Konnetic\UnifySipApi\Production\Src\Konnetic Unify SIP API\Konnetic.Sip\obj\Release\Konnetic.Sip.Resources.Konnetic.Sip.resources" is inside the comparison path.
         Path "D:\Business\Development\Konnetic\UnifySipApi\Production\Src\Konnetic Unify SIP API\Konnetic.Sip\obj\Release\Konnetic.Sip.csproj.GenerateResource.Cache" is inside the comparison path.
         Path "D:\Business\Development\Konnetic\UnifySipApi\Production\Src\Konnetic Unify SIP API\Konnetic.Sip\bin\Release\Konnetic.Sip.dll.config" is outside the comparison path.
         Path "D:\Business\Development\Konnetic\UnifySipApi\Production\Src\Konnetic Unify SIP API\Konnetic.Sip\obj\Release\Konnetic.Sip.dll" is inside the comparison path.
         Path "D:\Business\Development\Konnetic\UnifySipApi\Production\Src\Konnetic Unify SIP API\Konnetic.Sip\bin\Release\Konnetic.Sip.dll" is outside the comparison path.
       Done executing task "FindUnderPath".
       Using "RemoveDuplicates" task from assembly "Microsoft.Build.Tasks.v3.5, Version=3.5.0.0, Culture=neutral, PublicKeyToken=b03f5f7f11d50a3a".
       Task "RemoveDuplicates"
       Done executing task "RemoveDuplicates".
     1>Done building target "_CleanGetCurrentAndPriorFileWrites" in project "Konnetic.Sip.csproj".
     1>Target "IncrementalClean" in file "c:\Windows\Microsoft.NET\Framework\v3.5\Microsoft.Common.targets" from project "D:\Business\Development\Konnetic\UnifySipApi\Production\Src\Konnetic Unify SIP API\Konnetic.Sip\Konnetic.Sip.csproj":
       Task "FindUnderPath"
         Comparison path is "bin\Release\".
       Done executing task "FindUnderPath".
       Task "FindUnderPath"
         Comparison path is "obj\Release\".
       Done executing task "FindUnderPath".
       Using "Delete" task from assembly "Microsoft.Build.Tasks.v3.5, Version=3.5.0.0, Culture=neutral, PublicKeyToken=b03f5f7f11d50a3a".
       Task "Delete"
       Done executing task "Delete".
       Task "RemoveDuplicates"
       Done executing task "RemoveDuplicates".
       Task "WriteLinesToFile" skipped, due to false condition; ('@(_CleanUnfilteredPriorFileWrites)'!='@(_CleanUniqueRemainingFileWritesAfterIncrementalClean)') was evaluated as ('D:\Business\Development\Konnetic\UnifySipApi\Production\Src\Konnetic Unify SIP API\Konnetic.Sip\bin\Release\Konnetic.Sip.dll.config;D:\Business\Development\Konnetic\UnifySipApi\Production\Src\Konnetic Unify SIP API\Konnetic.Sip\bin\Release\Konnetic.Sip.dll;D:\Business\Development\Konnetic\UnifySipApi\Production\Src\Konnetic Unify SIP API\Konnetic.Sip\obj\Release\ResolveAssemblyReference.cache;D:\Business\Development\Konnetic\UnifySipApi\Production\Src\Konnetic Unify SIP API\Konnetic.Sip\obj\Release\Konnetic.Sip.dll;D:\Business\Development\Konnetic\UnifySipApi\Production\Src\Konnetic Unify SIP API\Konnetic.Sip\obj\Release\Konnetic.Sip.Resources.Konnetic.Sip.resources;D:\Business\Development\Konnetic\UnifySipApi\Production\Src\Konnetic Unify SIP API\Konnetic.Sip\obj\Release\Konnetic.Sip.csproj.GenerateResource.Cache'!='D:\Business\Development\Konnetic\UnifySipApi\Production\Src\Konnetic Unify SIP API\Konnetic.Sip\bin\Release\Konnetic.Sip.dll.config;D:\Business\Development\Konnetic\UnifySipApi\Production\Src\Konnetic Unify SIP API\Konnetic.Sip\bin\Release\Konnetic.Sip.dll;D:\Business\Development\Konnetic\UnifySipApi\Production\Src\Konnetic Unify SIP API\Konnetic.Sip\obj\Release\ResolveAssemblyReference.cache;D:\Business\Development\Konnetic\UnifySipApi\Production\Src\Konnetic Unify SIP API\Konnetic.Sip\obj\Release\Konnetic.Sip.dll;D:\Business\Development\Konnetic\UnifySipApi\Production\Src\Konnetic Unify SIP API\Konnetic.Sip\obj\Release\Konnetic.Sip.Resources.Konnetic.Sip.resources;D:\Business\Development\Konnetic\UnifySipApi\Production\Src\Konnetic Unify SIP API\Konnetic.Sip\obj\Release\Konnetic.Sip.csproj.GenerateResource.Cache').
     1>Done building target "IncrementalClean" in project "Konnetic.Sip.csproj".
       Target "PostBuildEvent" skipped, due to false condition; (
                   '$(PostBuildEvent)'!=''
                   and
                   (
                       '$(RunPostBuildEvent)'!='OnOutputUpdated'
                       or
                       '$(_AssemblyTimestampBeforeCompile)'!='$(_AssemblyTimestampAfterCompile)'
                   )
               ) was evaluated as (
                   ''!=''
                   and
                   (
                       ''!='OnOutputUpdated'
                       or
                       ''!=''
                   )
               ).
     1>Target "CoreBuild" in file "c:\Windows\Microsoft.NET\Framework\v3.5\Microsoft.Common.targets" from project "D:\Business\Development\Konnetic\UnifySipApi\Production\Src\Konnetic Unify SIP API\Konnetic.Sip\Konnetic.Sip.csproj":
       Task "CallTarget" skipped, due to false condition; ('$(UnloadProjectsOnCompletion)'=='true') was evaluated as ('false'=='true').
       Task "CallTarget" skipped, due to false condition; ('$(UnloadProjectsOnCompletion)'=='true') was evaluated as ('false'=='true').
       Task "CallTarget" skipped, due to false condition; ('$(UnloadProjectsOnCompletion)'=='true') was evaluated as ('false'=='true').
     1>Done building target "CoreBuild" in project "Konnetic.Sip.csproj".
     1>Target "KonneticSipBuild" in file "D:\Business\Development\Konnetic\UnifySipApi\Production\Src\Konnetic Unify SIP API\Konnetic.Sip\Konnetic.Sip.MSBuild.targets" from project "D:\Business\Development\Konnetic\UnifySipApi\Production\Src\Konnetic Unify SIP API\Konnetic.Sip\Konnetic.Sip.csproj":
       Task "Message"
         Build Complete!
       Done executing task "Message".
     1>Done building target "KonneticSipBuild" in project "Konnetic.Sip.csproj".
     1>Target "Build" in file "c:\Windows\Microsoft.NET\Framework\v3.5\Microsoft.Common.targets" from project "D:\Business\Development\Konnetic\UnifySipApi\Production\Src\Konnetic Unify SIP API\Konnetic.Sip\Konnetic.Sip.csproj":
       Building target "Build" completely.
       No input files were specified.
     1>Done building target "Build" in project "Konnetic.Sip.csproj".
     1>Done Building Project "D:\Business\Development\Konnetic\UnifySipApi\Production\Src\Konnetic Unify SIP API\Konnetic.Sip\Konnetic.Sip.csproj" (Build target(s)).

Build succeeded.
    0 Warning(s)
    0 Error(s)

Time Elapsed 00:00:00.18
